<?xml version="1.0" encoding="UTF-8"?>
<!-- Generated by org.testng.reporters.JUnitReportReporter -->
<testsuite skipped="0" hostname="DLDA0326" name="Tatoc" tests="6" failures="0" timestamp="22 Jun 2018 11:24:59 GMT" time="4.430" errors="0">
  <testcase name="BasicCourse" time="0.269" classname="Tatoc"/>
  <testcase name="cookie" time="0.266" classname="Tatoc"/>
  <testcase name="popup" time="1.370" classname="Tatoc"/>
  <testcase name="greenBox" time="0.346" classname="Tatoc"/>
  <testcase name="frameDungeon" time="1.824" classname="Tatoc"/>
  <testcase name="drag" time="0.355" classname="Tatoc"/>
</testsuite> <!-- Tatoc -->
